# JRE version: OpenJDK Runtime Environment (8.0_152-b06) (build 1.8.0_152-release-1136-b06)
# Java VM: OpenJDK 64-Bit Server VM (25.152-b06 mixed mode windows-amd64 compressed oops)
Heap:
 PSYoungGen      total 184832K, used 111120K [0x00000000e0000000, 0x00000000ed780000, 0x0000000100000000)
  eden space 165376K, 57% used [0x00000000e0000000,0x00000000e5d1b608,0x00000000ea180000)
  from space 19456K, 81% used [0x00000000eb180000,0x00000000ec0e8ba0,0x00000000ec480000)
  to   space 12800K, 0% used [0x00000000ecb00000,0x00000000ecb00000,0x00000000ed780000)
 ParOldGen       total 245248K, used 35256K [0x00000000a0000000, 0x00000000aef80000, 0x00000000e0000000)
  object space 245248K, 14% used [0x00000000a0000000,0x00000000a226e1f8,0x00000000aef80000)
 Metaspace       used 69378K, capacity 71320K, committed 71424K, reserved 1112064K
  class space    used 9176K, capacity 9629K, committed 9728K, reserved 1048576K
GC Heap History (10 events):
Event: 18.480 GC heap before
{Heap before GC invocations=10 (full 2):
 PSYoungGen      total 114688K, used 114679K [0x00000000e0000000, 0x00000000eaa00000, 0x0000000100000000)
  eden space 103424K, 100% used [0x00000000e0000000,0x00000000e6500000,0x00000000e6500000)
  from space 11264K, 99% used [0x00000000e6500000,0x00000000e6ffdd50,0x00000000e7000000)
  to   space 12800K, 0% used [0x00000000e9d80000,0x00000000e9d80000,0x00000000eaa00000)
 ParOldGen       total 158720K, used 17466K [0x00000000a0000000, 0x00000000a9b00000, 0x00000000e0000000)
  object space 158720K, 11% used [0x00000000a0000000,0x00000000a110ea60,0x00000000a9b00000)
 Metaspace       used 50878K, capacity 52228K, committed 52352K, reserved 1093632K
  class space    used 6864K, capacity 7195K, committed 7296K, reserved 1048576K
Event: 18.499 GC heap after
Heap after GC invocations=10 (full 2):
 PSYoungGen      total 158208K, used 12794K [0x00000000e0000000, 0x00000000eb100000, 0x0000000100000000)
  eden space 145408K, 0% used [0x00000000e0000000,0x00000000e0000000,0x00000000e8e00000)
  from space 12800K, 99% used [0x00000000e9d80000,0x00000000ea9fe928,0x00000000eaa00000)
  to   space 15872K, 0% used [0x00000000e8e00000,0x00000000e8e00000,0x00000000e9d80000)
 ParOldGen       total 158720K, used 22432K [0x00000000a0000000, 0x00000000a9b00000, 0x00000000e0000000)
  object space 158720K, 14% used [0x00000000a0000000,0x00000000a15e8238,0x00000000a9b00000)
 Metaspace       used 50878K, capacity 52228K, committed 52352K, reserved 1093632K
  class space    used 6864K, capacity 7195K, committed 7296K, reserved 1048576K
}
Event: 19.971 GC heap before
{Heap before GC invocations=11 (full 2):
 PSYoungGen      total 158208K, used 104529K [0x00000000e0000000, 0x00000000eb100000, 0x0000000100000000)
  eden space 145408K, 63% used [0x00000000e0000000,0x00000000e5995e98,0x00000000e8e00000)
  from space 12800K, 99% used [0x00000000e9d80000,0x00000000ea9fe928,0x00000000eaa00000)
  to   space 15872K, 0% used [0x00000000e8e00000,0x00000000e8e00000,0x00000000e9d80000)
 ParOldGen       total 158720K, used 22432K [0x00000000a0000000, 0x00000000a9b00000, 0x00000000e0000000)
  object space 158720K, 14% used [0x00000000a0000000,0x00000000a15e8238,0x00000000a9b00000)
 Metaspace       used 57257K, capacity 58892K, committed 59008K, reserved 1099776K
  class space    used 7836K, capacity 8267K, committed 8320K, reserved 1048576K
Event: 19.994 GC heap after
Heap after GC invocations=11 (full 2):
 PSYoungGen      total 161280K, used 15848K [0x00000000e0000000, 0x00000000ede80000, 0x0000000100000000)
  eden space 145408K, 0% used [0x00000000e0000000,0x00000000e0000000,0x00000000e8e00000)
  from space 15872K, 99% used [0x00000000e8e00000,0x00000000e9d7a100,0x00000000e9d80000)
  to   space 19968K, 0% used [0x00000000ecb00000,0x00000000ecb00000,0x00000000ede80000)
 ParOldGen       total 158720K, used 28754K [0x00000000a0000000, 0x00000000a9b00000, 0x00000000e0000000)
  object space 158720K, 18% used [0x00000000a0000000,0x00000000a1c14b60,0x00000000a9b00000)
 Metaspace       used 57257K, capacity 58892K, committed 59008K, reserved 1099776K
  class space    used 7836K, capacity 8267K, committed 8320K, reserved 1048576K
}
Event: 19.994 GC heap before
{Heap before GC invocations=12 (full 3):
 PSYoungGen      total 161280K, used 15848K [0x00000000e0000000, 0x00000000ede80000, 0x0000000100000000)
  eden space 145408K, 0% used [0x00000000e0000000,0x00000000e0000000,0x00000000e8e00000)
  from space 15872K, 99% used [0x00000000e8e00000,0x00000000e9d7a100,0x00000000e9d80000)
  to   space 19968K, 0% used [0x00000000ecb00000,0x00000000ecb00000,0x00000000ede80000)
 ParOldGen       total 158720K, used 28754K [0x00000000a0000000, 0x00000000a9b00000, 0x00000000e0000000)
  object space 158720K, 18% used [0x00000000a0000000,0x00000000a1c14b60,0x00000000a9b00000)
 Metaspace       used 57257K, capacity 58892K, committed 59008K, reserved 1099776K
  class space    used 7836K, capacity 8267K, committed 8320K, reserved 1048576K
Event: 20.333 GC heap after
Heap after GC invocations=12 (full 3):
 PSYoungGen      total 161280K, used 0K [0x00000000e0000000, 0x00000000ede80000, 0x0000000100000000)
  eden space 145408K, 0% used [0x00000000e0000000,0x00000000e0000000,0x00000000e8e00000)
  from space 15872K, 0% used [0x00000000e8e00000,0x00000000e8e00000,0x00000000e9d80000)
  to   space 19968K, 0% used [0x00000000ecb00000,0x00000000ecb00000,0x00000000ede80000)
 ParOldGen       total 245248K, used 35224K [0x00000000a0000000, 0x00000000aef80000, 0x00000000e0000000)
  object space 245248K, 14% used [0x00000000a0000000,0x00000000a22661f8,0x00000000aef80000)
 Metaspace       used 57257K, capacity 58892K, committed 59008K, reserved 1099776K
  class space    used 7836K, capacity 8267K, committed 8320K, reserved 1048576K
}
Event: 30.212 GC heap before
{Heap before GC invocations=13 (full 3):
 PSYoungGen      total 161280K, used 145408K [0x00000000e0000000, 0x00000000ede80000, 0x0000000100000000)
  eden space 145408K, 100% used [0x00000000e0000000,0x00000000e8e00000,0x00000000e8e00000)
  from space 15872K, 0% used [0x00000000e8e00000,0x00000000e8e00000,0x00000000e9d80000)
  to   space 19968K, 0% used [0x00000000ecb00000,0x00000000ecb00000,0x00000000ede80000)
 ParOldGen       total 245248K, used 35224K [0x00000000a0000000, 0x00000000aef80000, 0x00000000e0000000)
  object space 245248K, 14% used [0x00000000a0000000,0x00000000a22661f8,0x00000000aef80000)
 Metaspace       used 63467K, capacity 65284K, committed 65664K, reserved 1105920K
  class space    used 8542K, capacity 8971K, committed 9088K, reserved 1048576K
Event: 30.231 GC heap after
Heap after GC invocations=13 (full 3):
 PSYoungGen      total 178176K, used 12320K [0x00000000e0000000, 0x00000000ed780000, 0x0000000100000000)
  eden space 165376K, 0% used [0x00000000e0000000,0x00000000e0000000,0x00000000ea180000)
  from space 12800K, 96% used [0x00000000ecb00000,0x00000000ed7080e0,0x00000000ed780000)
  to   space 19456K, 0% used [0x00000000eb180000,0x00000000eb180000,0x00000000ec480000)
 ParOldGen       total 245248K, used 35232K [0x00000000a0000000, 0x00000000aef80000, 0x00000000e0000000)
  object space 245248K, 14% used [0x00000000a0000000,0x00000000a22681f8,0x00000000aef80000)
 Metaspace       used 63467K, capacity 65284K, committed 65664K, reserved 1105920K
  class space    used 8542K, capacity 8971K, committed 9088K, reserved 1048576K
}
Event: 39.843 GC heap before
{Heap before GC invocations=14 (full 3):
 PSYoungGen      total 178176K, used 177645K [0x00000000e0000000, 0x00000000ed780000, 0x0000000100000000)
  eden space 165376K, 99% used [0x00000000e0000000,0x00000000ea173568,0x00000000ea180000)
  from space 12800K, 96% used [0x00000000ecb00000,0x00000000ed7080e0,0x00000000ed780000)
  to   space 19456K, 0% used [0x00000000eb180000,0x00000000eb180000,0x00000000ec480000)
 ParOldGen       total 245248K, used 35232K [0x00000000a0000000, 0x00000000aef80000, 0x00000000e0000000)
  object space 245248K, 14% used [0x00000000a0000000,0x00000000a22681f8,0x00000000aef80000)
 Metaspace       used 69264K, capacity 71210K, committed 71424K, reserved 1112064K
  class space    used 9158K, capacity 9618K, committed 9728K, reserved 1048576K
Event: 39.876 GC heap after
Heap after GC invocations=14 (full 3):
 PSYoungGen      total 184832K, used 15778K [0x00000000e0000000, 0x00000000ed780000, 0x0000000100000000)
  eden space 165376K, 0% used [0x00000000e0000000,0x00000000e0000000,0x00000000ea180000)
  from space 19456K, 81% used [0x00000000eb180000,0x00000000ec0e8ba0,0x00000000ec480000)
  to   space 12800K, 0% used [0x00000000ecb00000,0x00000000ecb00000,0x00000000ed780000)
 ParOldGen       total 245248K, used 35256K [0x00000000a0000000, 0x00000000aef80000, 0x00000000e0000000)
  object space 245248K, 14% used [0x00000000a0000000,0x00000000a226e1f8,0x00000000aef80000)
 Metaspace       used 69264K, capacity 71210K, committed 71424K, reserved 1112064K
  class space    used 9158K, capacity 9618K, committed 9728K, reserved 1048576K
}

