# JRE version: OpenJDK Runtime Environment (8.0_152-b06) (build 1.8.0_152-release-1136-b06)
# Java VM: OpenJDK 64-Bit Server VM (25.152-b06 mixed mode windows-amd64 compressed oops)
Heap:
 PSYoungGen      total 471552K, used 206000K [0x00000000e0000000, 0x00000000ffa80000, 0x0000000100000000)
  eden space 429568K, 44% used [0x00000000e0000000,0x00000000eb8dd788,0x00000000fa380000)
  from space 41984K, 39% used [0x00000000fd180000,0x00000000fe1cec30,0x00000000ffa80000)
  to   space 44544K, 0% used [0x00000000fa380000,0x00000000fa380000,0x00000000fcf00000)
 ParOldGen       total 241664K, used 111425K [0x00000000a0000000, 0x00000000aec00000, 0x00000000e0000000)
  object space 241664K, 46% used [0x00000000a0000000,0x00000000a6cd0700,0x00000000aec00000)
 Metaspace       used 89589K, capacity 94240K, committed 94592K, reserved 1132544K
  class space    used 11228K, capacity 12063K, committed 12160K, reserved 1048576K
GC Heap History (10 events):
Event: 2762.406 GC heap before
{Heap before GC invocations=31 (full 3):
 PSYoungGen      total 365056K, used 356519K [0x00000000e0000000, 0x00000000fd200000, 0x0000000100000000)
  eden space 320000K, 100% used [0x00000000e0000000,0x00000000f3880000,0x00000000f3880000)
  from space 45056K, 81% used [0x00000000f3880000,0x00000000f5c29cd0,0x00000000f6480000)
  to   space 48128K, 0% used [0x00000000fa300000,0x00000000fa300000,0x00000000fd200000)
 ParOldGen       total 241664K, used 79376K [0x00000000a0000000, 0x00000000aec00000, 0x00000000e0000000)
  object space 241664K, 32% used [0x00000000a0000000,0x00000000a4d842c0,0x00000000aec00000)
 Metaspace       used 88950K, capacity 93432K, committed 93696K, reserved 1130496K
  class space    used 11208K, capacity 12011K, committed 12032K, reserved 1048576K
Event: 2762.468 GC heap after
Heap after GC invocations=31 (full 3):
 PSYoungGen      total 429568K, used 13111K [0x00000000e0000000, 0x00000000fd480000, 0x0000000100000000)
  eden space 381440K, 0% used [0x00000000e0000000,0x00000000e0000000,0x00000000f7480000)
  from space 48128K, 27% used [0x00000000fa300000,0x00000000fafcde18,0x00000000fd200000)
  to   space 47616K, 0% used [0x00000000f7480000,0x00000000f7480000,0x00000000fa300000)
 ParOldGen       total 241664K, used 100503K [0x00000000a0000000, 0x00000000aec00000, 0x00000000e0000000)
  object space 241664K, 41% used [0x00000000a0000000,0x00000000a6225cf8,0x00000000aec00000)
 Metaspace       used 88950K, capacity 93432K, committed 93696K, reserved 1130496K
  class space    used 11208K, capacity 12011K, committed 12032K, reserved 1048576K
}
Event: 2764.451 GC heap before
{Heap before GC invocations=32 (full 3):
 PSYoungGen      total 429568K, used 394551K [0x00000000e0000000, 0x00000000fd480000, 0x0000000100000000)
  eden space 381440K, 100% used [0x00000000e0000000,0x00000000f7480000,0x00000000f7480000)
  from space 48128K, 27% used [0x00000000fa300000,0x00000000fafcde18,0x00000000fd200000)
  to   space 47616K, 0% used [0x00000000f7480000,0x00000000f7480000,0x00000000fa300000)
 ParOldGen       total 241664K, used 100503K [0x00000000a0000000, 0x00000000aec00000, 0x00000000e0000000)
  object space 241664K, 41% used [0x00000000a0000000,0x00000000a6225cf8,0x00000000aec00000)
 Metaspace       used 89071K, capacity 93600K, committed 93824K, reserved 1130496K
  class space    used 11215K, capacity 12043K, committed 12160K, reserved 1048576K
Event: 2764.481 GC heap after
Heap after GC invocations=32 (full 3):
 PSYoungGen      total 429056K, used 10117K [0x00000000e0000000, 0x00000000ffe80000, 0x0000000100000000)
  eden space 381440K, 0% used [0x00000000e0000000,0x00000000e0000000,0x00000000f7480000)
  from space 47616K, 21% used [0x00000000f7480000,0x00000000f7e615f0,0x00000000fa300000)
  to   space 47104K, 0% used [0x00000000fd080000,0x00000000fd080000,0x00000000ffe80000)
 ParOldGen       total 241664K, used 105508K [0x00000000a0000000, 0x00000000aec00000, 0x00000000e0000000)
  object space 241664K, 43% used [0x00000000a0000000,0x00000000a67093b0,0x00000000aec00000)
 Metaspace       used 89071K, capacity 93600K, committed 93824K, reserved 1130496K
  class space    used 11215K, capacity 12043K, committed 12160K, reserved 1048576K
}
Event: 2769.995 GC heap before
{Heap before GC invocations=33 (full 3):
 PSYoungGen      total 429056K, used 391544K [0x00000000e0000000, 0x00000000ffe80000, 0x0000000100000000)
  eden space 381440K, 99% used [0x00000000e0000000,0x00000000f747cd38,0x00000000f7480000)
  from space 47616K, 21% used [0x00000000f7480000,0x00000000f7e615f0,0x00000000fa300000)
  to   space 47104K, 0% used [0x00000000fd080000,0x00000000fd080000,0x00000000ffe80000)
 ParOldGen       total 241664K, used 105508K [0x00000000a0000000, 0x00000000aec00000, 0x00000000e0000000)
  object space 241664K, 43% used [0x00000000a0000000,0x00000000a67093b0,0x00000000aec00000)
 Metaspace       used 89110K, capacity 93608K, committed 93824K, reserved 1130496K
  class space    used 11216K, capacity 12045K, committed 12160K, reserved 1048576K
Event: 2770.013 GC heap after
Heap after GC invocations=33 (full 3):
 PSYoungGen      total 475136K, used 3550K [0x00000000e0000000, 0x0000000100000000, 0x0000000100000000)
  eden space 428032K, 0% used [0x00000000e0000000,0x00000000e0000000,0x00000000fa200000)
  from space 47104K, 7% used [0x00000000fd080000,0x00000000fd3f7ae8,0x00000000ffe80000)
  to   space 47616K, 0% used [0x00000000fa200000,0x00000000fa200000,0x00000000fd080000)
 ParOldGen       total 241664K, used 109805K [0x00000000a0000000, 0x00000000aec00000, 0x00000000e0000000)
  object space 241664K, 45% used [0x00000000a0000000,0x00000000a6b3b490,0x00000000aec00000)
 Metaspace       used 89110K, capacity 93608K, committed 93824K, reserved 1130496K
  class space    used 11216K, capacity 12045K, committed 12160K, reserved 1048576K
}
Event: 2877.951 GC heap before
{Heap before GC invocations=34 (full 3):
 PSYoungGen      total 475136K, used 431582K [0x00000000e0000000, 0x0000000100000000, 0x0000000100000000)
  eden space 428032K, 100% used [0x00000000e0000000,0x00000000fa200000,0x00000000fa200000)
  from space 47104K, 7% used [0x00000000fd080000,0x00000000fd3f7ae8,0x00000000ffe80000)
  to   space 47616K, 0% used [0x00000000fa200000,0x00000000fa200000,0x00000000fd080000)
 ParOldGen       total 241664K, used 109805K [0x00000000a0000000, 0x00000000aec00000, 0x00000000e0000000)
  object space 241664K, 45% used [0x00000000a0000000,0x00000000a6b3b490,0x00000000aec00000)
 Metaspace       used 89285K, capacity 93898K, committed 94080K, reserved 1130496K
  class space    used 11226K, capacity 12062K, committed 12160K, reserved 1048576K
Event: 2877.955 GC heap after
Heap after GC invocations=34 (full 3):
 PSYoungGen      total 475648K, used 5409K [0x00000000e0000000, 0x00000000fff80000, 0x0000000100000000)
  eden space 428032K, 0% used [0x00000000e0000000,0x00000000e0000000,0x00000000fa200000)
  from space 47616K, 11% used [0x00000000fa200000,0x00000000fa748610,0x00000000fd080000)
  to   space 47104K, 0% used [0x00000000fd180000,0x00000000fd180000,0x00000000fff80000)
 ParOldGen       total 241664K, used 109909K [0x00000000a0000000, 0x00000000aec00000, 0x00000000e0000000)
  object space 241664K, 45% used [0x00000000a0000000,0x00000000a6b554b0,0x00000000aec00000)
 Metaspace       used 89285K, capacity 93898K, committed 94080K, reserved 1130496K
  class space    used 11226K, capacity 12062K, committed 12160K, reserved 1048576K
}
Event: 3016.873 GC heap before
{Heap before GC invocations=35 (full 3):
 PSYoungGen      total 475648K, used 433441K [0x00000000e0000000, 0x00000000fff80000, 0x0000000100000000)
  eden space 428032K, 100% used [0x00000000e0000000,0x00000000fa200000,0x00000000fa200000)
  from space 47616K, 11% used [0x00000000fa200000,0x00000000fa748610,0x00000000fd080000)
  to   space 47104K, 0% used [0x00000000fd180000,0x00000000fd180000,0x00000000fff80000)
 ParOldGen       total 241664K, used 109909K [0x00000000a0000000, 0x00000000aec00000, 0x00000000e0000000)
  object space 241664K, 45% used [0x00000000a0000000,0x00000000a6b554b0,0x00000000aec00000)
 Metaspace       used 89581K, capacity 94240K, committed 94592K, reserved 1132544K
  class space    used 11228K, capacity 12063K, committed 12160K, reserved 1048576K
Event: 3016.892 GC heap after
Heap after GC invocations=35 (full 3):
 PSYoungGen      total 471552K, used 16699K [0x00000000e0000000, 0x00000000ffa80000, 0x0000000100000000)
  eden space 429568K, 0% used [0x00000000e0000000,0x00000000e0000000,0x00000000fa380000)
  from space 41984K, 39% used [0x00000000fd180000,0x00000000fe1cec30,0x00000000ffa80000)
  to   space 44544K, 0% used [0x00000000fa380000,0x00000000fa380000,0x00000000fcf00000)
 ParOldGen       total 241664K, used 111425K [0x00000000a0000000, 0x00000000aec00000, 0x00000000e0000000)
  object space 241664K, 46% used [0x00000000a0000000,0x00000000a6cd0700,0x00000000aec00000)
 Metaspace       used 89581K, capacity 94240K, committed 94592K, reserved 1132544K
  class space    used 11228K, capacity 12063K, committed 12160K, reserved 1048576K
}

